<?xml version="1.0" encoding="UTF-8"?>
<!-- Generated by org.testng.reporters.JUnitReportReporter -->
<testsuite hostname="DESKTOP-HBH0RR9" failures="0" tests="1" name="framework11.Data2" time="0.017" errors="0" timestamp="2023-05-20T11:44:41 IST" skipped="0">
  <testcase classname="framework11.Data2" name="test1" time="0.017"/>
  <system-out/>
</testsuite> <!-- framework11.Data2 -->
