<?xml version="1.0" encoding="UTF-8"?>
<!-- Generated by org.testng.reporters.JUnitReportReporter -->
<testsuite hostname="DESKTOP-HBH0RR9" failures="0" tests="1" name="genericscript.Verification" time="112.095" errors="0" timestamp="2023-05-16T15:39:00 IST" skipped="0">
  <testcase classname="genericscript.Verification" name="validLogin" time="112.095"/>
  <system-out/>
</testsuite> <!-- genericscript.Verification -->
