<?xml version="1.0" encoding="UTF-8"?>
<!-- Generated by org.testng.reporters.JUnitReportReporter -->
<testsuite hostname="DESKTOP-HBH0RR9" failures="0" tests="1" name="framework11.Test1" time="0.012" errors="0" timestamp="2023-05-19T15:42:30 IST" skipped="0">
  <testcase classname="framework11.Test1" name="data2" time="0.012"/>
  <system-out/>
</testsuite> <!-- framework11.Test1 -->
