<?xml version="1.0" encoding="UTF-8"?>
<!-- Generated by org.testng.reporters.JUnitReportReporter -->
<testsuite hostname="DESKTOP-HBH0RR9" failures="0" tests="1" name="hybridframework.Test_Script" time="12.735" errors="0" timestamp="2023-05-18T14:43:11 IST" skipped="0">
  <testcase classname="hybridframework.Test_Script" name="validLogin" time="12.735"/>
  <system-out/>
</testsuite> <!-- hybridframework.Test_Script -->
