<?xml version="1.0" encoding="UTF-8"?>
<!-- Generated by org.testng.reporters.JUnitReportReporter -->
<testsuite hostname="DESKTOP-HBH0RR9" failures="0" tests="1" name="hybridframework.Test_Script1" time="12.688" errors="0" timestamp="2023-05-18T15:36:25 IST" skipped="0">
  <testcase classname="hybridframework.Test_Script1" name="validLogin" time="12.688"/>
  <system-out/>
</testsuite> <!-- hybridframework.Test_Script1 -->
