<?xml version="1.0" encoding="UTF-8"?>
<!-- Generated by org.testng.reporters.JUnitReportReporter -->
<testsuite hostname="DESKTOP-HBH0RR9" failures="0" tests="2" name="framework11.Test3$Test1" time="0.020" errors="0" timestamp="2023-05-16T13:57:13 IST" skipped="0">
  <testcase classname="framework11.Test3$Test1" name="data2" time="0.016"/>
  <system-out>
    <![CDATA[5]]>
  </system-out>
  <testcase classname="framework11.Test3$Test1" name="data1" time="0.004"/>
  <system-out>
    <![CDATA[1]]>
  </system-out>
</testsuite> <!-- framework11.Test3$Test1 -->
