<?xml version="1.0" encoding="UTF-8"?>
<!-- Generated by org.testng.reporters.JUnitReportReporter -->
<testsuite hostname="DESKTOP-HBH0RR9" failures="0" tests="1" name="genericscript.Testscript" time="223.167" errors="0" timestamp="2023-05-16T15:19:03 IST" skipped="0">
  <testcase classname="genericscript.Testscript" name="validLogin" time="223.167"/>
  <system-out/>
</testsuite> <!-- genericscript.Testscript -->
