<?xml version="1.0" encoding="UTF-8"?>
<!-- Generated by org.testng.reporters.JUnitReportReporter -->
<testsuite hostname="DESKTOP-HBH0RR9" failures="0" tests="1" name="pom_script.Test_Script" time="16.793" errors="0" timestamp="2023-05-18T14:17:49 IST" skipped="0">
  <testcase classname="pom_script.Test_Script" name="validLogin" time="16.793"/>
  <system-out/>
</testsuite> <!-- pom_script.Test_Script -->
