<?xml version="1.0" encoding="UTF-8"?>
<!-- Generated by org.testng.reporters.JUnitReportReporter -->
<testsuite hostname="DESKTOP-HBH0RR9" failures="0" tests="1" name="hybridframework1.Test_script" time="36.788" errors="0" timestamp="2023-05-19T14:11:09 IST" skipped="0">
  <testcase classname="hybridframework1.Test_script" name="validLogin" time="36.788"/>
  <system-out/>
</testsuite> <!-- hybridframework1.Test_script -->
